<?xml version="1.0" encoding="UTF-8"?>
<testng-results ignored="0" total="2" passed="2" failed="0" skipped="0">
  <reporter-output>
  </reporter-output>
  <suite started-at="2023-11-17T14:28:31 IST" name="Suite" finished-at="2023-11-17T14:28:45 IST" duration-ms="14044">
    <groups>
    </groups>
    <test started-at="2023-11-17T14:28:31 IST" name="firefoxTest" finished-at="2023-11-17T14:28:41 IST" duration-ms="10231">
      <class name="com.qa.testng.MultiBrowser">
        <test-method is-config="true" signature="beforeTest(java.lang.String)[pri:0, instance:com.qa.testng.MultiBrowser@bd4dc25]" started-at="2023-11-17T14:28:31 IST" name="beforeTest" finished-at="2023-11-17T14:28:39 IST" duration-ms="8694" status="PASS">
          <params>
            <param index="0">
              <value>
                <![CDATA[firefox]]>
              </value>
            </param>
          </params>
          <reporter-output>
          </reporter-output>
        </test-method> <!-- beforeTest -->
        <test-method signature="testmethod1()[pri:0, instance:com.qa.testng.MultiBrowser@bd4dc25]" started-at="2023-11-17T14:28:39 IST" name="testmethod1" finished-at="2023-11-17T14:28:40 IST" duration-ms="282" status="PASS">
          <reporter-output>
          </reporter-output>
        </test-method> <!-- testmethod1 -->
        <test-method is-config="true" signature="tearDownMethod()[pri:0, instance:com.qa.testng.MultiBrowser@bd4dc25]" started-at="2023-11-17T14:28:40 IST" name="tearDownMethod" finished-at="2023-11-17T14:28:41 IST" duration-ms="1217" status="PASS">
          <reporter-output>
          </reporter-output>
        </test-method> <!-- tearDownMethod -->
      </class> <!-- com.qa.testng.MultiBrowser -->
    </test> <!-- firefoxTest -->
    <test started-at="2023-11-17T14:28:41 IST" name="chromeTest" finished-at="2023-11-17T14:28:45 IST" duration-ms="3768">
      <class name="com.qa.testng.MultiBrowser">
        <test-method is-config="true" signature="beforeTest(java.lang.String)[pri:0, instance:com.qa.testng.MultiBrowser@4659191b]" started-at="2023-11-17T14:28:41 IST" name="beforeTest" finished-at="2023-11-17T14:28:44 IST" duration-ms="3371" status="PASS">
          <params>
            <param index="0">
              <value>
                <![CDATA[chrome]]>
              </value>
            </param>
          </params>
          <reporter-output>
          </reporter-output>
        </test-method> <!-- beforeTest -->
        <test-method signature="testmethod1()[pri:0, instance:com.qa.testng.MultiBrowser@4659191b]" started-at="2023-11-17T14:28:44 IST" name="testmethod1" finished-at="2023-11-17T14:28:44 IST" duration-ms="120" status="PASS">
          <reporter-output>
          </reporter-output>
        </test-method> <!-- testmethod1 -->
        <test-method is-config="true" signature="tearDownMethod()[pri:0, instance:com.qa.testng.MultiBrowser@4659191b]" started-at="2023-11-17T14:28:44 IST" name="tearDownMethod" finished-at="2023-11-17T14:28:45 IST" duration-ms="271" status="PASS">
          <reporter-output>
          </reporter-output>
        </test-method> <!-- tearDownMethod -->
      </class> <!-- com.qa.testng.MultiBrowser -->
    </test> <!-- chromeTest -->
  </suite> <!-- Suite -->
</testng-results>
